<?xml version="1.0" encoding="UTF-8"?>
<coverage generated="1661793970278" clover="3.2.0">
  <project timestamp="1661793970278" name="All files">
    <metrics statements="25" coveredstatements="16" conditionals="10" coveredconditionals="3" methods="2" coveredmethods="2" elements="37" coveredelements="21" complexity="0" loc="25" ncloc="25" packages="1" files="1" classes="1"/>
    <file name="coinCounter.js" path="/Users/difalcoa/Desktop/epicodus/CoinCounter/src/coinCounter.js">
      <metrics statements="25" coveredstatements="16" conditionals="10" coveredconditionals="3" methods="2" coveredmethods="2"/>
      <line num="11" count="1" type="stmt"/>
      <line num="13" count="1" type="stmt"/>
      <line num="14" count="1" type="stmt"/>
      <line num="15" count="1" type="stmt"/>
      <line num="16" count="1" type="stmt"/>
      <line num="21" count="1" type="stmt"/>
      <line num="22" count="3" type="cond" truecount="2" falsecount="0"/>
      <line num="23" count="2" type="stmt"/>
      <line num="24" count="2" type="stmt"/>
      <line num="26" count="1" type="cond" truecount="1" falsecount="1"/>
      <line num="27" count="1" type="stmt"/>
      <line num="28" count="1" type="stmt"/>
      <line num="29" count="1" type="stmt"/>
      <line num="30" count="1" type="stmt"/>
      <line num="31" count="1" type="stmt"/>
      <line num="33" count="0" type="cond" truecount="0" falsecount="2"/>
      <line num="34" count="0" type="stmt"/>
      <line num="35" count="0" type="stmt"/>
      <line num="37" count="0" type="cond" truecount="0" falsecount="2"/>
      <line num="38" count="0" type="stmt"/>
      <line num="39" count="0" type="stmt"/>
      <line num="41" count="0" type="cond" truecount="0" falsecount="2"/>
      <line num="42" count="0" type="stmt"/>
      <line num="43" count="0" type="stmt"/>
      <line num="45" count="1" type="stmt"/>
    </file>
  </project>
</coverage>
