{"/Users/difalcoa/Desktop/epicodus/CoinCounter/src/coinCounter.js": {"path":"/Users/difalcoa/Desktop/epicodus/CoinCounter/src/coinCounter.js","statementMap":{"0":{"start":{"line":11,"column":18},"end":{"line":11,"column":27}},"1":{"start":{"line":13,"column":26},"end":{"line":17,"column":1}},"2":{"start":{"line":14,"column":20},"end":{"line":14,"column":39}},"3":{"start":{"line":15,"column":17},"end":{"line":15,"column":32}},"4":{"start":{"line":16,"column":2},"end":{"line":16,"column":16}},"5":{"start":{"line":21,"column":27},"end":{"line":46,"column":1}},"6":{"start":{"line":22,"column":2},"end":{"line":44,"column":3}},"7":{"start":{"line":23,"column":4},"end":{"line":23,"column":47}},"8":{"start":{"line":24,"column":4},"end":{"line":24,"column":23}},"9":{"start":{"line":26,"column":7},"end":{"line":44,"column":3}},"10":{"start":{"line":27,"column":4},"end":{"line":27,"column":21}},"11":{"start":{"line":28,"column":4},"end":{"line":28,"column":30}},"12":{"start":{"line":29,"column":4},"end":{"line":29,"column":17}},"13":{"start":{"line":30,"column":4},"end":{"line":30,"column":36}},"14":{"start":{"line":31,"column":4},"end":{"line":31,"column":47}},"15":{"start":{"line":33,"column":7},"end":{"line":44,"column":3}},"16":{"start":{"line":34,"column":4},"end":{"line":34,"column":21}},"17":{"start":{"line":35,"column":4},"end":{"line":35,"column":17}},"18":{"start":{"line":37,"column":7},"end":{"line":44,"column":3}},"19":{"start":{"line":38,"column":4},"end":{"line":38,"column":21}},"20":{"start":{"line":39,"column":4},"end":{"line":39,"column":16}},"21":{"start":{"line":41,"column":7},"end":{"line":44,"column":3}},"22":{"start":{"line":42,"column":4},"end":{"line":42,"column":21}},"23":{"start":{"line":43,"column":4},"end":{"line":43,"column":16}},"24":{"start":{"line":45,"column":2},"end":{"line":45,"column":29}}},"fnMap":{"0":{"name":"(anonymous_0)","decl":{"start":{"line":13,"column":26},"end":{"line":13,"column":27}},"loc":{"start":{"line":13,"column":37},"end":{"line":17,"column":1}},"line":13},"1":{"name":"(anonymous_1)","decl":{"start":{"line":21,"column":27},"end":{"line":21,"column":28}},"loc":{"start":{"line":21,"column":39},"end":{"line":46,"column":1}},"line":21}},"branchMap":{"0":{"loc":{"start":{"line":22,"column":2},"end":{"line":44,"column":3}},"type":"if","locations":[{"start":{"line":22,"column":2},"end":{"line":44,"column":3}},{"start":{"line":22,"column":2},"end":{"line":44,"column":3}}],"line":22},"1":{"loc":{"start":{"line":26,"column":7},"end":{"line":44,"column":3}},"type":"if","locations":[{"start":{"line":26,"column":7},"end":{"line":44,"column":3}},{"start":{"line":26,"column":7},"end":{"line":44,"column":3}}],"line":26},"2":{"loc":{"start":{"line":33,"column":7},"end":{"line":44,"column":3}},"type":"if","locations":[{"start":{"line":33,"column":7},"end":{"line":44,"column":3}},{"start":{"line":33,"column":7},"end":{"line":44,"column":3}}],"line":33},"3":{"loc":{"start":{"line":37,"column":7},"end":{"line":44,"column":3}},"type":"if","locations":[{"start":{"line":37,"column":7},"end":{"line":44,"column":3}},{"start":{"line":37,"column":7},"end":{"line":44,"column":3}}],"line":37},"4":{"loc":{"start":{"line":41,"column":7},"end":{"line":44,"column":3}},"type":"if","locations":[{"start":{"line":41,"column":7},"end":{"line":44,"column":3}},{"start":{"line":41,"column":7},"end":{"line":44,"column":3}}],"line":41}},"s":{"0":1,"1":1,"2":1,"3":1,"4":1,"5":1,"6":3,"7":2,"8":2,"9":1,"10":1,"11":1,"12":1,"13":1,"14":1,"15":0,"16":0,"17":0,"18":0,"19":0,"20":0,"21":0,"22":0,"23":0,"24":1},"f":{"0":1,"1":3},"b":{"0":[2,1],"1":[1,0],"2":[0,0],"3":[0,0],"4":[0,0]},"_coverageSchema":"43e27e138ebf9cfc5966b082cf9a028302ed4184","hash":"47997255029b6ef4d6a8337aa57234848473a147"}
}
