TN:
SF:/Users/difalcoa/Desktop/epicodus/CoinCounter/src/coinCounter.js
FN:13,(anonymous_0)
FN:21,(anonymous_1)
FNF:2
FNH:2
FNDA:1,(anonymous_0)
FNDA:3,(anonymous_1)
DA:11,1
DA:13,1
DA:14,1
DA:15,1
DA:16,1
DA:21,1
DA:22,3
DA:23,2
DA:24,2
DA:26,1
DA:27,1
DA:28,1
DA:29,1
DA:30,1
DA:31,1
DA:33,0
DA:34,0
DA:35,0
DA:37,0
DA:38,0
DA:39,0
DA:41,0
DA:42,0
DA:43,0
DA:45,1
LF:25
LH:16
BRDA:22,0,0,2
BRDA:22,0,1,1
BRDA:26,1,0,1
BRDA:26,1,1,0
BRDA:33,2,0,0
BRDA:33,2,1,0
BRDA:37,3,0,0
BRDA:37,3,1,0
BRDA:41,4,0,0
BRDA:41,4,1,0
BRF:10
BRH:3
end_of_record
